<?xml version="1.0" encoding="UTF-8"?>
<!-- Generated by org.testng.reporters.JUnitXMLReporter -->
<testsuite hostname="BDC8-LX-2QQ6PV2" ignored="0" name="Surefire test" tests="8" failures="0" timestamp="2021-02-09T14:34:48 IST" time="7.488" errors="0">
  <testcase name="extratcAllTeamNames" time="3.377" classname="apitests.FootballApiTests"/>
  <testcase name="getAllTeamData" time="0.362" classname="apitests.FootballApiTests"/>
  <testcase name="getAllTeamData_DoCheckFirst" time="0.345" classname="apitests.FootballApiTests"/>
  <testcase name="getDateFounded" time="0.452" classname="apitests.FootballApiTests"/>
  <testcase name="getDetailsofOneArea" time="0.336" classname="apitests.FootballApiTests"/>
  <testcase name="getFirstTeamName" time="0.378" classname="apitests.FootballApiTests"/>
  <testcase name="getHeaders" time="0.351" classname="apitests.FootballApiTests"/>
  <testcase name="getTeamName" time="0.364" classname="apitests.FootballApiTests"/>
</testsuite> <!-- Surefire test -->
