<?xml version="1.0" encoding="UTF-8"?>
<testsuite xmlns:xsi="http://www.w3.org/2001/XMLSchema-instance" xsi:noNamespaceSchemaLocation="https://maven.apache.org/surefire/maven-surefire-plugin/xsd/surefire-test-report.xsd" name="apitests.FootballApiTests" time="8.759" tests="8" errors="0" skipped="0" failures="0">
  <properties>
[...]
</properties>
  <testcase name="extratcAllTeamNames" classname="apitests.FootballApiTests" time="3.382"/>
  <testcase name="getAllTeamData" classname="apitests.FootballApiTests" time="0.377"/>
  <testcase name="getAllTeamData_DoCheckFirst" classname="apitests.FootballApiTests" time="0.355"/>
  <testcase name="getDateFounded" classname="apitests.FootballApiTests" time="0.441"/>
  <testcase name="getDetailsofOneArea" classname="apitests.FootballApiTests" time="0.336"/>
  <testcase name="getFirstTeamName" classname="apitests.FootballApiTests" time="0.378"/>
  <testcase name="getHeaders" classname="apitests.FootballApiTests" time="0.351"/>
  <testcase name="getTeamName" classname="apitests.FootballApiTests" time="0.364"/>
</testsuite>