<?xml version="1.0" encoding="UTF-8"?>
<!-- Generated by org.testng.reporters.JUnitXMLReporter -->
<testsuite hostname="BDC8-LX-2QQ6PV2" ignored="0" name="Regression Test" tests="8" failures="0" timestamp="2021-02-09T14:36:25 IST" time="6.654" errors="0">
  <testcase name="extratcAllTeamNames" time="2.959" classname="apitests.FootballApiTests"/>
  <testcase name="getAllTeamData" time="0.333" classname="apitests.FootballApiTests"/>
  <testcase name="getAllTeamData_DoCheckFirst" time="0.356" classname="apitests.FootballApiTests"/>
  <testcase name="getDateFounded" time="0.442" classname="apitests.FootballApiTests"/>
  <testcase name="getDetailsofOneArea" time="0.335" classname="apitests.FootballApiTests"/>
  <testcase name="getFirstTeamName" time="0.509" classname="apitests.FootballApiTests"/>
  <testcase name="getHeaders" time="0.331" classname="apitests.FootballApiTests"/>
  <testcase name="getTeamName" time="0.372" classname="apitests.FootballApiTests"/>
</testsuite> <!-- Regression Test -->
